<?xml version="1.0" encoding="UTF-8"?>
<testsuite xmlns:xsi="http://www.w3.org/2001/XMLSchema-instance" xsi:noNamespaceSchemaLocation="https://maven.apache.org/surefire/maven-surefire-plugin/xsd/surefire-test-report.xsd" name="tycho.demo.itp01.tests.AllTests" time="33.225" tests="3" errors="0" skipped="0" failures="0">
  <properties>
[...]
</properties>
  <testcase name="sampleAction" classname="tycho.demo.itp01.tests.ITP01Test" time="32.754"/>
  <testcase name="sampleAction" classname="tycho.demo.itp01.test1.Test1" time="0.427"/>
  <testcase name="sampleAction" classname="tycho.demo.itp01.test2.Test2" time="0.001"/>
</testsuite>