-------------------------------------------------------------------------------
Test set: tycho.demo.itp01.tests.AllTests
-------------------------------------------------------------------------------
Tests run: 3, Failures: 0, Errors: 0, Skipped: 0, Time elapsed: 1.404 s - in tycho.demo.itp01.tests.AllTests
sampleAction(tycho.demo.itp01.tests.ITP01Test)  Time elapsed: 1.36 s
sampleAction(tycho.demo.itp01.test1.Test1)  Time elapsed: 0.001 s
sampleAction(tycho.demo.itp01.test2.Test2)  Time elapsed: 0 s
